<?xml version="1.0" encoding="UTF-8"?>
<!-- Generated by org.testng.reporters.JUnitXMLReporter -->
<testsuite ignored="0" hostname="HP-Laptop" failures="1" tests="15" name="Tutorialsninja Test Cases" time="136.433" errors="0" timestamp="2023-09-24T08:13:30 EDT">
  <testcase classname="com.tutorialsninja.qa.testcases.Register" name="VerifyRegisteringAnAccountByProvidingOnlyMandatoryFields" time="2.535"/>
  <testcase classname="com.tutorialsninja.qa.testcases.Register" name="verifyRegisteringAnAccountByProvidingAllTheFields" time="2.55"/>
  <testcase classname="com.tutorialsninja.qa.testcases.Register" name="varifyRegisteringAnAccountWithAllMissingField" time="1.37"/>
  <testcase classname="com.tutorialsninja.qa.testcases.Register" name="varifyRegisteringWithExistingEmail" time="2.139"/>
  <testcase classname="com.tutorialsninja.qa.testcases.Login" name="varifyLoginWithValidCredential" time="1.706"/>
  <testcase classname="com.tutorialsninja.qa.testcases.Login" name="varifyLoginWithValidCredential" time="1.668"/>
  <testcase classname="com.tutorialsninja.qa.testcases.Login" name="varifyLoginWithValidCredential" time="1.668"/>
  <testcase classname="com.tutorialsninja.qa.testcases.Login" name="varifyLoginWithValidCredential" time="1.658"/>
  <testcase classname="com.tutorialsninja.qa.testcases.Login" name="varifyLoginWithInvalidCredential" time="1.394"/>
  <testcase classname="com.tutorialsninja.qa.testcases.Login" name="varifyLoginWithInvalidEmailAndValidPassword" time="1.404"/>
  <testcase classname="com.tutorialsninja.qa.testcases.Login" name="varifyLoginWithValidEmailAndInvalidPassword" time="1.38"/>
  <testcase classname="com.tutorialsninja.qa.testcases.Login" name="varifyLoginWithoutProvidingCredentials" time="1.093"/>
  <testcase classname="com.tutorialsninja.qa.testcases.Search" name="searchWithExistingProduct" time="1.332"/>
  <testcase classname="com.tutorialsninja.qa.testcases.Search" name="searchWithNonexistingProduct" time="1.196">
    <failure type="java.lang.AssertionError" message="expected [There &amp;apos;remove this line with quotation&amp;apos; is no product that matches the search criteria.] but found [There is no product that matches the search criteria.]">
      <![CDATA[java.lang.AssertionError: expected [There 'remove this line with quotation' is no product that matches the search criteria.] but found [There is no product that matches the search criteria.]
at com.tutorialsninja.qa.testcases.Search.searchWithNonexistingProduct(Search.java:53)
at java.base/java.util.ArrayList.forEach(ArrayList.java:1511)
... Removed 33 stack frames]]>
    </failure>
  </testcase> <!-- searchWithNonexistingProduct -->
  <testcase classname="com.tutorialsninja.qa.testcases.Search" name="searchWithNoTextInSearchBox" time="0.0">
    <skipped/>
  </testcase> <!-- searchWithNoTextInSearchBox -->
</testsuite> <!-- Tutorialsninja Test Cases -->
