<?xml version="1.0" encoding="UTF-8"?>
<testsuite xmlns:xsi="http://www.w3.org/2001/XMLSchema-instance" xsi:noNamespaceSchemaLocation="https://maven.apache.org/surefire/maven-surefire-plugin/xsd/surefire-test-report-3.0.xsd" version="3.0" name="TestSuite" time="147.509" tests="15" errors="0" skipped="1" failures="1">
  <properties>
[...]
</properties>
  <testcase name="VerifyRegisteringAnAccountByProvidingOnlyMandatoryFields" classname="com.tutorialsninja.qa.testcases.Register" time="2.422">
    <system-err><![CDATA[SLF4J: Failed to load class "org.slf4j.impl.StaticLoggerBinder".
SLF4J: Defaulting to no-operation (NOP) logger implementation
SLF4J: See http://www.slf4j.org/codes.html#StaticLoggerBinder for further details.
Sep 24, 2023 4:32:07 AM org.openqa.selenium.devtools.CdpVersionFinder findNearestMatch
WARNING: Unable to find an exact match for CDP version 117, so returning the closest version found: 116
]]></system-err>
  </testcase>
  <testcase name="verifyRegisteringAnAccountByProvidingAllTheFields" classname="com.tutorialsninja.qa.testcases.Register" time="2.76">
    <system-err><![CDATA[Sep 24, 2023 4:32:18 AM org.openqa.selenium.devtools.CdpVersionFinder findNearestMatch
WARNING: Unable to find an exact match for CDP version 117, so returning the closest version found: 116
]]></system-err>
  </testcase>
  <testcase name="varifyRegisteringAnAccountWithAllMissingField" classname="com.tutorialsninja.qa.testcases.Register" time="1.471">
    <system-err><![CDATA[Sep 24, 2023 4:32:29 AM org.openqa.selenium.devtools.CdpVersionFinder findNearestMatch
WARNING: Unable to find an exact match for CDP version 117, so returning the closest version found: 116
]]></system-err>
  </testcase>
  <testcase name="varifyRegisteringWithExistingEmail" classname="com.tutorialsninja.qa.testcases.Register" time="2.24">
    <system-err><![CDATA[Sep 24, 2023 4:32:39 AM org.openqa.selenium.devtools.CdpVersionFinder findNearestMatch
WARNING: Unable to find an exact match for CDP version 117, so returning the closest version found: 116
]]></system-err>
  </testcase>
  <testcase name="varifyLoginWithValidCredential[miftanyc+qa@gmail.com, 123456](1)" classname="com.tutorialsninja.qa.testcases.Login" time="1.771">
    <system-err><![CDATA[Sep 24, 2023 4:32:51 AM org.openqa.selenium.devtools.CdpVersionFinder findNearestMatch
WARNING: Unable to find an exact match for CDP version 117, so returning the closest version found: 116
]]></system-err>
  </testcase>
  <testcase name="varifyLoginWithValidCredential[miftanyc+qa1@gmail.com, 123456](2)" classname="com.tutorialsninja.qa.testcases.Login" time="1.773">
    <system-err><![CDATA[Sep 24, 2023 4:33:01 AM org.openqa.selenium.devtools.CdpVersionFinder findNearestMatch
WARNING: Unable to find an exact match for CDP version 117, so returning the closest version found: 116
]]></system-err>
  </testcase>
  <testcase name="varifyLoginWithValidCredential[miftanyc+qa2@gmail.com, 123456](3)" classname="com.tutorialsninja.qa.testcases.Login" time="1.841">
    <system-err><![CDATA[Sep 24, 2023 4:33:10 AM org.openqa.selenium.devtools.CdpVersionFinder findNearestMatch
WARNING: Unable to find an exact match for CDP version 117, so returning the closest version found: 116
]]></system-err>
  </testcase>
  <testcase name="varifyLoginWithValidCredential[miftanyc+qa3@gmail.com, 123456](4)" classname="com.tutorialsninja.qa.testcases.Login" time="1.673">
    <system-err><![CDATA[Sep 24, 2023 4:33:20 AM org.openqa.selenium.devtools.CdpVersionFinder findNearestMatch
WARNING: Unable to find an exact match for CDP version 117, so returning the closest version found: 116
]]></system-err>
  </testcase>
  <testcase name="varifyLoginWithInvalidCredential" classname="com.tutorialsninja.qa.testcases.Login" time="1.463">
    <system-err><![CDATA[Sep 24, 2023 4:33:30 AM org.openqa.selenium.devtools.CdpVersionFinder findNearestMatch
WARNING: Unable to find an exact match for CDP version 117, so returning the closest version found: 116
]]></system-err>
  </testcase>
  <testcase name="varifyLoginWithInvalidEmailAndValidPassword" classname="com.tutorialsninja.qa.testcases.Login" time="1.461">
    <system-err><![CDATA[Sep 24, 2023 4:33:39 AM org.openqa.selenium.devtools.CdpVersionFinder findNearestMatch
WARNING: Unable to find an exact match for CDP version 117, so returning the closest version found: 116
]]></system-err>
  </testcase>
  <testcase name="varifyLoginWithValidEmailAndInvalidPassword" classname="com.tutorialsninja.qa.testcases.Login" time="1.398">
    <system-err><![CDATA[Sep 24, 2023 4:33:48 AM org.openqa.selenium.devtools.CdpVersionFinder findNearestMatch
WARNING: Unable to find an exact match for CDP version 117, so returning the closest version found: 116
]]></system-err>
  </testcase>
  <testcase name="varifyLoginWithoutProvidingCredentials" classname="com.tutorialsninja.qa.testcases.Login" time="1.024">
    <system-err><![CDATA[Sep 24, 2023 4:33:57 AM org.openqa.selenium.devtools.CdpVersionFinder findNearestMatch
WARNING: Unable to find an exact match for CDP version 117, so returning the closest version found: 116
]]></system-err>
  </testcase>
  <testcase name="searchWithExistingProduct" classname="com.tutorialsninja.qa.testcases.Search" time="1.403">
    <system-err><![CDATA[Sep 24, 2023 4:34:06 AM org.openqa.selenium.devtools.CdpVersionFinder findNearestMatch
WARNING: Unable to find an exact match for CDP version 117, so returning the closest version found: 116
]]></system-err>
  </testcase>
  <testcase name="searchWithNonexistingProduct" classname="com.tutorialsninja.qa.testcases.Search" time="2.247">
    <failure message="expected [There &apos;remove this line with quotation&apos; is no product that matches the search criteria.] but found [There is no product that matches the search criteria.]" type="java.lang.AssertionError"><![CDATA[java.lang.AssertionError: expected [There 'remove this line with quotation' is no product that matches the search criteria.] but found [There is no product that matches the search criteria.]
	at org.testng.Assert.fail(Assert.java:111)
	at org.testng.Assert.failNotEquals(Assert.java:1578)
	at org.testng.Assert.assertEqualsImpl(Assert.java:150)
	at org.testng.Assert.assertEquals(Assert.java:132)
	at org.testng.Assert.assertEquals(Assert.java:656)
	at org.testng.Assert.assertEquals(Assert.java:666)
	at com.tutorialsninja.qa.testcases.Search.searchWithNonexistingProduct(Search.java:53)
	at java.base/jdk.internal.reflect.NativeMethodAccessorImpl.invoke0(Native Method)
	at java.base/jdk.internal.reflect.NativeMethodAccessorImpl.invoke(NativeMethodAccessorImpl.java:77)
	at java.base/jdk.internal.reflect.DelegatingMethodAccessorImpl.invoke(DelegatingMethodAccessorImpl.java:43)
	at java.base/java.lang.reflect.Method.invoke(Method.java:568)
	at org.testng.internal.invokers.MethodInvocationHelper.invokeMethod(MethodInvocationHelper.java:139)
	at org.testng.internal.invokers.TestInvoker.invokeMethod(TestInvoker.java:664)
	at org.testng.internal.invokers.TestInvoker.invokeTestMethod(TestInvoker.java:227)
	at org.testng.internal.invokers.MethodRunner.runInSequence(MethodRunner.java:50)
	at org.testng.internal.invokers.TestInvoker$MethodInvocationAgent.invoke(TestInvoker.java:957)
	at org.testng.internal.invokers.TestInvoker.invokeTestMethods(TestInvoker.java:200)
	at org.testng.internal.invokers.TestMethodWorker.invokeTestMethods(TestMethodWorker.java:148)
	at org.testng.internal.invokers.TestMethodWorker.run(TestMethodWorker.java:128)
	at java.base/java.util.ArrayList.forEach(ArrayList.java:1511)
	at org.testng.TestRunner.privateRun(TestRunner.java:848)
	at org.testng.TestRunner.run(TestRunner.java:621)
	at org.testng.SuiteRunner.runTest(SuiteRunner.java:443)
	at org.testng.SuiteRunner.runSequentially(SuiteRunner.java:437)
	at org.testng.SuiteRunner.privateRun(SuiteRunner.java:397)
	at org.testng.SuiteRunner.run(SuiteRunner.java:336)
	at org.testng.SuiteRunnerWorker.runSuite(SuiteRunnerWorker.java:52)
	at org.testng.SuiteRunnerWorker.run(SuiteRunnerWorker.java:95)
	at org.testng.TestNG.runSuitesSequentially(TestNG.java:1280)
	at org.testng.TestNG.runSuitesLocally(TestNG.java:1200)
	at org.testng.TestNG.runSuites(TestNG.java:1114)
	at org.testng.TestNG.run(TestNG.java:1082)
	at org.apache.maven.surefire.testng.TestNGExecutor.run(TestNGExecutor.java:308)
	at org.apache.maven.surefire.testng.TestNGXmlTestSuite.execute(TestNGXmlTestSuite.java:71)
	at org.apache.maven.surefire.testng.TestNGProvider.invoke(TestNGProvider.java:113)
	at org.apache.maven.surefire.booter.ForkedBooter.runSuitesInProcess(ForkedBooter.java:385)
	at org.apache.maven.surefire.booter.ForkedBooter.execute(ForkedBooter.java:162)
	at org.apache.maven.surefire.booter.ForkedBooter.run(ForkedBooter.java:507)
	at org.apache.maven.surefire.booter.ForkedBooter.main(ForkedBooter.java:495)
]]></failure>
    <system-err><![CDATA[Sep 24, 2023 4:34:14 AM org.openqa.selenium.devtools.CdpVersionFinder findNearestMatch
WARNING: Unable to find an exact match for CDP version 117, so returning the closest version found: 116
]]></system-err>
  </testcase>
  <testcase name="searchWithNoTextInSearchBox" classname="com.tutorialsninja.qa.testcases.Search" time="0.0">
    <skipped message="Method com.tutorialsninja.qa.testcases.Search.searchWithNoTextInSearchBox() on instance com.tutorialsninja.qa.testcases.Search@7e07db1f depends on not successfully finished methods &#10;[com.tutorialsninja.qa.testcases.Search.searchWithNonexistingProduct() on instance com.tutorialsninja.qa.testcases.Search@7e07db1f]"/>
  </testcase>
</testsuite>