<?xml version="1.0" encoding="UTF-8"?>
<testng-results ignored="0" total="15" passed="13" failed="1" skipped="1">
  <reporter-output>
  </reporter-output>
  <suite started-at="2023-09-24T08:11:11 EDT" name="Tutorialsninja Automation Suite" finished-at="2023-09-24T08:13:28 EDT" duration-ms="136433">
    <groups>
    </groups>
    <test started-at="2023-09-24T08:11:11 EDT" name="Tutorialsninja Test Cases" finished-at="2023-09-24T08:13:28 EDT" duration-ms="136433">
      <class name="com.tutorialsninja.qa.testcases.Search">
        <test-method is-config="true" signature="setup()[pri:0, instance:com.tutorialsninja.qa.testcases.Search@3eb738bb]" started-at="2023-09-24T08:13:11 EDT" name="setup" finished-at="2023-09-24T08:13:17 EDT" duration-ms="6355" status="PASS">
          <reporter-output>
          </reporter-output>
        </test-method> <!-- setup -->
        <test-method signature="searchWithExistingProduct()[pri:1, instance:com.tutorialsninja.qa.testcases.Search@3eb738bb]" started-at="2023-09-24T08:13:17 EDT" name="searchWithExistingProduct" finished-at="2023-09-24T08:13:19 EDT" duration-ms="1332" status="PASS">
          <reporter-output>
          </reporter-output>
        </test-method> <!-- searchWithExistingProduct -->
        <test-method is-config="true" signature="browserQuit()[pri:0, instance:com.tutorialsninja.qa.testcases.Search@3eb738bb]" started-at="2023-09-24T08:13:19 EDT" name="browserQuit" finished-at="2023-09-24T08:13:19 EDT" duration-ms="359" status="PASS">
          <reporter-output>
          </reporter-output>
        </test-method> <!-- browserQuit -->
        <test-method is-config="true" signature="setup()[pri:0, instance:com.tutorialsninja.qa.testcases.Search@3eb738bb]" started-at="2023-09-24T08:13:19 EDT" name="setup" finished-at="2023-09-24T08:13:25 EDT" duration-ms="6187" status="PASS">
          <reporter-output>
          </reporter-output>
        </test-method> <!-- setup -->
        <test-method signature="searchWithNonexistingProduct()[pri:2, instance:com.tutorialsninja.qa.testcases.Search@3eb738bb]" started-at="2023-09-24T08:13:25 EDT" name="searchWithNonexistingProduct" finished-at="2023-09-24T08:13:26 EDT" duration-ms="1196" status="FAIL">
          <exception class="java.lang.AssertionError">
            <message>
              <![CDATA[expected [There 'remove this line with quotation' is no product that matches the search criteria.] but found [There is no product that matches the search criteria.]]]>
            </message>
            <full-stacktrace>
              <![CDATA[java.lang.AssertionError: expected [There 'remove this line with quotation' is no product that matches the search criteria.] but found [There is no product that matches the search criteria.]
at org.testng.Assert.fail(Assert.java:111)
at org.testng.Assert.failNotEquals(Assert.java:1578)
at org.testng.Assert.assertEqualsImpl(Assert.java:150)
at org.testng.Assert.assertEquals(Assert.java:132)
at org.testng.Assert.assertEquals(Assert.java:656)
at org.testng.Assert.assertEquals(Assert.java:666)
at com.tutorialsninja.qa.testcases.Search.searchWithNonexistingProduct(Search.java:53)
at java.base/jdk.internal.reflect.NativeMethodAccessorImpl.invoke0(Native Method)
at java.base/jdk.internal.reflect.NativeMethodAccessorImpl.invoke(NativeMethodAccessorImpl.java:77)
at java.base/jdk.internal.reflect.DelegatingMethodAccessorImpl.invoke(DelegatingMethodAccessorImpl.java:43)
at java.base/java.lang.reflect.Method.invoke(Method.java:568)
at org.testng.internal.invokers.MethodInvocationHelper.invokeMethod(MethodInvocationHelper.java:139)
at org.testng.internal.invokers.TestInvoker.invokeMethod(TestInvoker.java:664)
at org.testng.internal.invokers.TestInvoker.invokeTestMethod(TestInvoker.java:227)
at org.testng.internal.invokers.MethodRunner.runInSequence(MethodRunner.java:50)
at org.testng.internal.invokers.TestInvoker$MethodInvocationAgent.invoke(TestInvoker.java:957)
at org.testng.internal.invokers.TestInvoker.invokeTestMethods(TestInvoker.java:200)
at org.testng.internal.invokers.TestMethodWorker.invokeTestMethods(TestMethodWorker.java:148)
at org.testng.internal.invokers.TestMethodWorker.run(TestMethodWorker.java:128)
at java.base/java.util.ArrayList.forEach(ArrayList.java:1511)
at org.testng.TestRunner.privateRun(TestRunner.java:848)
at org.testng.TestRunner.run(TestRunner.java:621)
at org.testng.SuiteRunner.runTest(SuiteRunner.java:443)
at org.testng.SuiteRunner.runSequentially(SuiteRunner.java:437)
at org.testng.SuiteRunner.privateRun(SuiteRunner.java:397)
at org.testng.SuiteRunner.run(SuiteRunner.java:336)
at org.testng.SuiteRunnerWorker.runSuite(SuiteRunnerWorker.java:52)
at org.testng.SuiteRunnerWorker.run(SuiteRunnerWorker.java:95)
at org.testng.TestNG.runSuitesSequentially(TestNG.java:1280)
at org.testng.TestNG.runSuitesLocally(TestNG.java:1200)
at org.testng.TestNG.runSuites(TestNG.java:1114)
at org.testng.TestNG.run(TestNG.java:1082)
at org.testng.remote.AbstractRemoteTestNG.run(AbstractRemoteTestNG.java:115)
at org.testng.remote.RemoteTestNG.initAndRun(RemoteTestNG.java:251)
at org.testng.remote.RemoteTestNG.main(RemoteTestNG.java:77)
]]>
            </full-stacktrace>
          </exception> <!-- java.lang.AssertionError -->
          <reporter-output>
          </reporter-output>
        </test-method> <!-- searchWithNonexistingProduct -->
        <test-method is-config="true" signature="browserQuit()[pri:0, instance:com.tutorialsninja.qa.testcases.Search@3eb738bb]" started-at="2023-09-24T08:13:27 EDT" name="browserQuit" finished-at="2023-09-24T08:13:28 EDT" duration-ms="312" status="PASS">
          <reporter-output>
          </reporter-output>
        </test-method> <!-- browserQuit -->
        <test-method signature="searchWithNoTextInSearchBox()[pri:3, instance:com.tutorialsninja.qa.testcases.Search@3eb738bb]" started-at="2023-09-24T08:13:28 EDT" name="searchWithNoTextInSearchBox" finished-at="2023-09-24T08:13:28 EDT" depends-on-methods="com.tutorialsninja.qa.testcases.Search.searchWithNonexistingProduct" duration-ms="0" status="SKIP">
          <exception class="java.lang.Throwable">
            <message>
              <![CDATA[Method com.tutorialsninja.qa.testcases.Search.searchWithNoTextInSearchBox() on instance com.tutorialsninja.qa.testcases.Search@3eb738bb depends on not successfully finished methods 
[com.tutorialsninja.qa.testcases.Search.searchWithNonexistingProduct() on instance com.tutorialsninja.qa.testcases.Search@3eb738bb]]]>
            </message>
            <full-stacktrace>
              <![CDATA[java.lang.Throwable: Method com.tutorialsninja.qa.testcases.Search.searchWithNoTextInSearchBox() on instance com.tutorialsninja.qa.testcases.Search@3eb738bb depends on not successfully finished methods 
[com.tutorialsninja.qa.testcases.Search.searchWithNonexistingProduct() on instance com.tutorialsninja.qa.testcases.Search@3eb738bb]
at org.testng.internal.invokers.TestInvoker.invokeTestMethods(TestInvoker.java:156)
at org.testng.internal.invokers.TestMethodWorker.invokeTestMethods(TestMethodWorker.java:148)
at org.testng.internal.invokers.TestMethodWorker.run(TestMethodWorker.java:128)
at java.base/java.util.ArrayList.forEach(ArrayList.java:1511)
at org.testng.TestRunner.privateRun(TestRunner.java:848)
at org.testng.TestRunner.run(TestRunner.java:621)
at org.testng.SuiteRunner.runTest(SuiteRunner.java:443)
at org.testng.SuiteRunner.runSequentially(SuiteRunner.java:437)
at org.testng.SuiteRunner.privateRun(SuiteRunner.java:397)
at org.testng.SuiteRunner.run(SuiteRunner.java:336)
at org.testng.SuiteRunnerWorker.runSuite(SuiteRunnerWorker.java:52)
at org.testng.SuiteRunnerWorker.run(SuiteRunnerWorker.java:95)
at org.testng.TestNG.runSuitesSequentially(TestNG.java:1280)
at org.testng.TestNG.runSuitesLocally(TestNG.java:1200)
at org.testng.TestNG.runSuites(TestNG.java:1114)
at org.testng.TestNG.run(TestNG.java:1082)
at org.testng.remote.AbstractRemoteTestNG.run(AbstractRemoteTestNG.java:115)
at org.testng.remote.RemoteTestNG.initAndRun(RemoteTestNG.java:251)
at org.testng.remote.RemoteTestNG.main(RemoteTestNG.java:77)
]]>
            </full-stacktrace>
          </exception> <!-- java.lang.Throwable -->
          <reporter-output>
          </reporter-output>
        </test-method> <!-- searchWithNoTextInSearchBox -->
      </class> <!-- com.tutorialsninja.qa.testcases.Search -->
      <class name="com.tutorialsninja.qa.testcases.Register">
        <test-method is-config="true" signature="setup()[pri:0, instance:com.tutorialsninja.qa.testcases.Register@1d296da]" started-at="2023-09-24T08:11:12 EDT" name="setup" finished-at="2023-09-24T08:11:23 EDT" duration-ms="11065" status="PASS">
          <reporter-output>
          </reporter-output>
        </test-method> <!-- setup -->
        <test-method signature="VerifyRegisteringAnAccountByProvidingOnlyMandatoryFields()[pri:1, instance:com.tutorialsninja.qa.testcases.Register@1d296da]" started-at="2023-09-24T08:11:23 EDT" name="VerifyRegisteringAnAccountByProvidingOnlyMandatoryFields" finished-at="2023-09-24T08:11:26 EDT" duration-ms="2535" status="PASS">
          <reporter-output>
          </reporter-output>
        </test-method> <!-- VerifyRegisteringAnAccountByProvidingOnlyMandatoryFields -->
        <test-method is-config="true" signature="browserQuit()[pri:0, instance:com.tutorialsninja.qa.testcases.Register@1d296da]" started-at="2023-09-24T08:11:26 EDT" name="browserQuit" finished-at="2023-09-24T08:11:26 EDT" duration-ms="438" status="PASS">
          <reporter-output>
          </reporter-output>
        </test-method> <!-- browserQuit -->
        <test-method is-config="true" signature="setup()[pri:0, instance:com.tutorialsninja.qa.testcases.Register@1d296da]" started-at="2023-09-24T08:11:26 EDT" name="setup" finished-at="2023-09-24T08:11:34 EDT" duration-ms="7757" status="PASS">
          <reporter-output>
          </reporter-output>
        </test-method> <!-- setup -->
        <test-method signature="verifyRegisteringAnAccountByProvidingAllTheFields()[pri:2, instance:com.tutorialsninja.qa.testcases.Register@1d296da]" started-at="2023-09-24T08:11:34 EDT" name="verifyRegisteringAnAccountByProvidingAllTheFields" finished-at="2023-09-24T08:11:36 EDT" duration-ms="2550" status="PASS">
          <reporter-output>
          </reporter-output>
        </test-method> <!-- verifyRegisteringAnAccountByProvidingAllTheFields -->
        <test-method is-config="true" signature="browserQuit()[pri:0, instance:com.tutorialsninja.qa.testcases.Register@1d296da]" started-at="2023-09-24T08:11:36 EDT" name="browserQuit" finished-at="2023-09-24T08:11:37 EDT" duration-ms="393" status="PASS">
          <reporter-output>
          </reporter-output>
        </test-method> <!-- browserQuit -->
        <test-method is-config="true" signature="setup()[pri:0, instance:com.tutorialsninja.qa.testcases.Register@1d296da]" started-at="2023-09-24T08:11:37 EDT" name="setup" finished-at="2023-09-24T08:11:44 EDT" duration-ms="7682" status="PASS">
          <reporter-output>
          </reporter-output>
        </test-method> <!-- setup -->
        <test-method signature="varifyRegisteringAnAccountWithAllMissingField()[pri:3, instance:com.tutorialsninja.qa.testcases.Register@1d296da]" started-at="2023-09-24T08:11:44 EDT" name="varifyRegisteringAnAccountWithAllMissingField" finished-at="2023-09-24T08:11:46 EDT" duration-ms="1370" status="PASS">
          <reporter-output>
          </reporter-output>
        </test-method> <!-- varifyRegisteringAnAccountWithAllMissingField -->
        <test-method is-config="true" signature="browserQuit()[pri:0, instance:com.tutorialsninja.qa.testcases.Register@1d296da]" started-at="2023-09-24T08:11:46 EDT" name="browserQuit" finished-at="2023-09-24T08:11:46 EDT" duration-ms="348" status="PASS">
          <reporter-output>
          </reporter-output>
        </test-method> <!-- browserQuit -->
        <test-method is-config="true" signature="setup()[pri:0, instance:com.tutorialsninja.qa.testcases.Register@1d296da]" started-at="2023-09-24T08:11:46 EDT" name="setup" finished-at="2023-09-24T08:11:54 EDT" duration-ms="7583" status="PASS">
          <reporter-output>
          </reporter-output>
        </test-method> <!-- setup -->
        <test-method signature="varifyRegisteringWithExistingEmail()[pri:4, instance:com.tutorialsninja.qa.testcases.Register@1d296da]" started-at="2023-09-24T08:11:54 EDT" name="varifyRegisteringWithExistingEmail" finished-at="2023-09-24T08:11:56 EDT" duration-ms="2139" status="PASS">
          <reporter-output>
          </reporter-output>
        </test-method> <!-- varifyRegisteringWithExistingEmail -->
        <test-method is-config="true" signature="browserQuit()[pri:0, instance:com.tutorialsninja.qa.testcases.Register@1d296da]" started-at="2023-09-24T08:11:56 EDT" name="browserQuit" finished-at="2023-09-24T08:11:56 EDT" duration-ms="435" status="PASS">
          <reporter-output>
          </reporter-output>
        </test-method> <!-- browserQuit -->
      </class> <!-- com.tutorialsninja.qa.testcases.Register -->
      <class name="com.tutorialsninja.qa.testcases.Login">
        <test-method is-config="true" signature="setup()[pri:0, instance:com.tutorialsninja.qa.testcases.Login@77c2494c]" started-at="2023-09-24T08:11:57 EDT" name="setup" finished-at="2023-09-24T08:12:05 EDT" duration-ms="7253" status="PASS">
          <reporter-output>
          </reporter-output>
        </test-method> <!-- setup -->
        <test-method signature="varifyLoginWithValidCredential(java.lang.String,java.lang.String)[pri:1, instance:com.tutorialsninja.qa.testcases.Login@77c2494c]" started-at="2023-09-24T08:12:05 EDT" name="varifyLoginWithValidCredential" data-provider="validCredentialSupplier" finished-at="2023-09-24T08:12:06 EDT" duration-ms="1706" status="PASS">
          <params>
            <param index="0">
              <value>
                <![CDATA[miftanyc+qa@gmail.com]]>
              </value>
            </param>
            <param index="1">
              <value>
                <![CDATA[123456]]>
              </value>
            </param>
          </params>
          <reporter-output>
          </reporter-output>
        </test-method> <!-- varifyLoginWithValidCredential -->
        <test-method is-config="true" signature="browserQuit()[pri:0, instance:com.tutorialsninja.qa.testcases.Login@77c2494c]" started-at="2023-09-24T08:12:06 EDT" name="browserQuit" finished-at="2023-09-24T08:12:07 EDT" duration-ms="373" status="PASS">
          <reporter-output>
          </reporter-output>
        </test-method> <!-- browserQuit -->
        <test-method is-config="true" signature="setup()[pri:0, instance:com.tutorialsninja.qa.testcases.Login@77c2494c]" started-at="2023-09-24T08:12:07 EDT" name="setup" finished-at="2023-09-24T08:12:14 EDT" duration-ms="7531" status="PASS">
          <reporter-output>
          </reporter-output>
        </test-method> <!-- setup -->
        <test-method signature="varifyLoginWithValidCredential(java.lang.String,java.lang.String)[pri:1, instance:com.tutorialsninja.qa.testcases.Login@77c2494c]" started-at="2023-09-24T08:12:14 EDT" name="varifyLoginWithValidCredential" data-provider="validCredentialSupplier" finished-at="2023-09-24T08:12:16 EDT" duration-ms="1668" status="PASS">
          <params>
            <param index="0">
              <value>
                <![CDATA[miftanyc+qa1@gmail.com]]>
              </value>
            </param>
            <param index="1">
              <value>
                <![CDATA[123456]]>
              </value>
            </param>
          </params>
          <reporter-output>
          </reporter-output>
        </test-method> <!-- varifyLoginWithValidCredential -->
        <test-method is-config="true" signature="browserQuit()[pri:0, instance:com.tutorialsninja.qa.testcases.Login@77c2494c]" started-at="2023-09-24T08:12:16 EDT" name="browserQuit" finished-at="2023-09-24T08:12:16 EDT" duration-ms="369" status="PASS">
          <reporter-output>
          </reporter-output>
        </test-method> <!-- browserQuit -->
        <test-method is-config="true" signature="setup()[pri:0, instance:com.tutorialsninja.qa.testcases.Login@77c2494c]" started-at="2023-09-24T08:12:16 EDT" name="setup" finished-at="2023-09-24T08:12:23 EDT" duration-ms="7210" status="PASS">
          <reporter-output>
          </reporter-output>
        </test-method> <!-- setup -->
        <test-method signature="varifyLoginWithValidCredential(java.lang.String,java.lang.String)[pri:1, instance:com.tutorialsninja.qa.testcases.Login@77c2494c]" started-at="2023-09-24T08:12:23 EDT" name="varifyLoginWithValidCredential" data-provider="validCredentialSupplier" finished-at="2023-09-24T08:12:25 EDT" duration-ms="1668" status="PASS">
          <params>
            <param index="0">
              <value>
                <![CDATA[miftanyc+qa2@gmail.com]]>
              </value>
            </param>
            <param index="1">
              <value>
                <![CDATA[123456]]>
              </value>
            </param>
          </params>
          <reporter-output>
          </reporter-output>
        </test-method> <!-- varifyLoginWithValidCredential -->
        <test-method is-config="true" signature="browserQuit()[pri:0, instance:com.tutorialsninja.qa.testcases.Login@77c2494c]" started-at="2023-09-24T08:12:25 EDT" name="browserQuit" finished-at="2023-09-24T08:12:25 EDT" duration-ms="340" status="PASS">
          <reporter-output>
          </reporter-output>
        </test-method> <!-- browserQuit -->
        <test-method is-config="true" signature="setup()[pri:0, instance:com.tutorialsninja.qa.testcases.Login@77c2494c]" started-at="2023-09-24T08:12:25 EDT" name="setup" finished-at="2023-09-24T08:12:33 EDT" duration-ms="7370" status="PASS">
          <reporter-output>
          </reporter-output>
        </test-method> <!-- setup -->
        <test-method signature="varifyLoginWithValidCredential(java.lang.String,java.lang.String)[pri:1, instance:com.tutorialsninja.qa.testcases.Login@77c2494c]" started-at="2023-09-24T08:12:33 EDT" name="varifyLoginWithValidCredential" data-provider="validCredentialSupplier" finished-at="2023-09-24T08:12:35 EDT" duration-ms="1658" status="PASS">
          <params>
            <param index="0">
              <value>
                <![CDATA[miftanyc+qa3@gmail.com]]>
              </value>
            </param>
            <param index="1">
              <value>
                <![CDATA[123456]]>
              </value>
            </param>
          </params>
          <reporter-output>
          </reporter-output>
        </test-method> <!-- varifyLoginWithValidCredential -->
        <test-method is-config="true" signature="browserQuit()[pri:0, instance:com.tutorialsninja.qa.testcases.Login@77c2494c]" started-at="2023-09-24T08:12:35 EDT" name="browserQuit" finished-at="2023-09-24T08:12:35 EDT" duration-ms="403" status="PASS">
          <reporter-output>
          </reporter-output>
        </test-method> <!-- browserQuit -->
        <test-method is-config="true" signature="setup()[pri:0, instance:com.tutorialsninja.qa.testcases.Login@77c2494c]" started-at="2023-09-24T08:12:35 EDT" name="setup" finished-at="2023-09-24T08:12:42 EDT" duration-ms="7338" status="PASS">
          <reporter-output>
          </reporter-output>
        </test-method> <!-- setup -->
        <test-method signature="varifyLoginWithInvalidCredential()[pri:2, instance:com.tutorialsninja.qa.testcases.Login@77c2494c]" started-at="2023-09-24T08:12:42 EDT" name="varifyLoginWithInvalidCredential" finished-at="2023-09-24T08:12:44 EDT" duration-ms="1394" status="PASS">
          <reporter-output>
          </reporter-output>
        </test-method> <!-- varifyLoginWithInvalidCredential -->
        <test-method is-config="true" signature="browserQuit()[pri:0, instance:com.tutorialsninja.qa.testcases.Login@77c2494c]" started-at="2023-09-24T08:12:44 EDT" name="browserQuit" finished-at="2023-09-24T08:12:44 EDT" duration-ms="379" status="PASS">
          <reporter-output>
          </reporter-output>
        </test-method> <!-- browserQuit -->
        <test-method is-config="true" signature="setup()[pri:0, instance:com.tutorialsninja.qa.testcases.Login@77c2494c]" started-at="2023-09-24T08:12:44 EDT" name="setup" finished-at="2023-09-24T08:12:51 EDT" duration-ms="7238" status="PASS">
          <reporter-output>
          </reporter-output>
        </test-method> <!-- setup -->
        <test-method signature="varifyLoginWithInvalidEmailAndValidPassword()[pri:3, instance:com.tutorialsninja.qa.testcases.Login@77c2494c]" started-at="2023-09-24T08:12:51 EDT" name="varifyLoginWithInvalidEmailAndValidPassword" finished-at="2023-09-24T08:12:53 EDT" duration-ms="1404" status="PASS">
          <reporter-output>
          </reporter-output>
        </test-method> <!-- varifyLoginWithInvalidEmailAndValidPassword -->
        <test-method is-config="true" signature="browserQuit()[pri:0, instance:com.tutorialsninja.qa.testcases.Login@77c2494c]" started-at="2023-09-24T08:12:53 EDT" name="browserQuit" finished-at="2023-09-24T08:12:53 EDT" duration-ms="313" status="PASS">
          <reporter-output>
          </reporter-output>
        </test-method> <!-- browserQuit -->
        <test-method is-config="true" signature="setup()[pri:0, instance:com.tutorialsninja.qa.testcases.Login@77c2494c]" started-at="2023-09-24T08:12:53 EDT" name="setup" finished-at="2023-09-24T08:13:00 EDT" duration-ms="7397" status="PASS">
          <reporter-output>
          </reporter-output>
        </test-method> <!-- setup -->
        <test-method signature="varifyLoginWithValidEmailAndInvalidPassword()[pri:4, instance:com.tutorialsninja.qa.testcases.Login@77c2494c]" started-at="2023-09-24T08:13:00 EDT" name="varifyLoginWithValidEmailAndInvalidPassword" finished-at="2023-09-24T08:13:02 EDT" duration-ms="1380" status="PASS">
          <reporter-output>
          </reporter-output>
        </test-method> <!-- varifyLoginWithValidEmailAndInvalidPassword -->
        <test-method is-config="true" signature="browserQuit()[pri:0, instance:com.tutorialsninja.qa.testcases.Login@77c2494c]" started-at="2023-09-24T08:13:02 EDT" name="browserQuit" finished-at="2023-09-24T08:13:02 EDT" duration-ms="391" status="PASS">
          <reporter-output>
          </reporter-output>
        </test-method> <!-- browserQuit -->
        <test-method is-config="true" signature="setup()[pri:0, instance:com.tutorialsninja.qa.testcases.Login@77c2494c]" started-at="2023-09-24T08:13:02 EDT" name="setup" finished-at="2023-09-24T08:13:09 EDT" duration-ms="7284" status="PASS">
          <reporter-output>
          </reporter-output>
        </test-method> <!-- setup -->
        <test-method signature="varifyLoginWithoutProvidingCredentials()[pri:5, instance:com.tutorialsninja.qa.testcases.Login@77c2494c]" started-at="2023-09-24T08:13:09 EDT" name="varifyLoginWithoutProvidingCredentials" finished-at="2023-09-24T08:13:11 EDT" duration-ms="1093" status="PASS">
          <reporter-output>
          </reporter-output>
        </test-method> <!-- varifyLoginWithoutProvidingCredentials -->
        <test-method is-config="true" signature="browserQuit()[pri:0, instance:com.tutorialsninja.qa.testcases.Login@77c2494c]" started-at="2023-09-24T08:13:11 EDT" name="browserQuit" finished-at="2023-09-24T08:13:11 EDT" duration-ms="322" status="PASS">
          <reporter-output>
          </reporter-output>
        </test-method> <!-- browserQuit -->
      </class> <!-- com.tutorialsninja.qa.testcases.Login -->
    </test> <!-- Tutorialsninja Test Cases -->
  </suite> <!-- Tutorialsninja Automation Suite -->
</testng-results>
